{"/Users/ruby/JSWorkshop/src/getnamefromperson.js":{"path":"/Users/ruby/JSWorkshop/src/getnamefromperson.js","s":{"1":1,"2":6,"3":1,"4":0,"5":1},"b":{},"f":{"1":6,"2":0},"fnMap":{"1":{"name":"getNameFromPerson","line":5,"loc":{"start":{"line":5,"column":0},"end":{"line":5,"column":35}}},"2":{"name":"returnOne","line":12,"loc":{"start":{"line":12,"column":0},"end":{"line":12,"column":21}}}},"statementMap":{"1":{"start":{"line":5,"column":0},"end":{"line":11,"column":1}},"2":{"start":{"line":10,"column":4},"end":{"line":10,"column":23}},"3":{"start":{"line":12,"column":0},"end":{"line":14,"column":1}},"4":{"start":{"line":13,"column":4},"end":{"line":13,"column":13}},"5":{"start":{"line":16,"column":0},"end":{"line":16,"column":35}}},"branchMap":{}}}